<?xml version="1.0" encoding="UTF-8"?>
<testExecutions version="1">
    <file path="/Users/HgTech/Documents/FIAP/fiap-application-security/lab2-sonarqube-lgtm/src/test/app.test.js">
        <testCase name="Get Endpoints Get" duration="39"/>
    </file>
</testExecutions>